[2018-05-16 20:08:21] : azeazeazeaze registered on twttr !
[2018-05-16 20:08:21] : azeazeazeaze registered on twttr !
[2018-05-16 20:09:19] :  registered on twttr !
[2018-05-16 20:11:40] : neilrichter registered on twttr !
[2018-05-16 20:39:05] : neilrichter twtted
[2018-05-16 20:39:09] : neilrichter reacted to a rtwtt with a rtwtt
[2018-05-16 20:39:09] : neilrichter rtwtted a twtt
[2018-05-16 20:39:09] : neilrichter twtted
[2018-05-16 20:39:11] : neilrichter reacted to a rtwtt with a rtwtt
[2018-05-16 20:39:11] : neilrichter deleted a rtwtt
[2018-05-16 20:39:11] : neilrichter deleted a twtt
[2018-05-16 20:44:18] : neilrichter twtted
[2018-05-16 20:46:12] : neilrichter reacted to a rtwtt with a rtwtt
[2018-05-16 20:46:12] : neilrichter rtwtted a twtt
[2018-05-16 20:46:12] : neilrichter twtted
[2018-05-16 20:46:15] : neilrichter reacted to a rtwtt with a rtwtt
[2018-05-16 20:46:15] : neilrichter deleted a rtwtt
[2018-05-16 20:46:15] : neilrichter deleted a twtt
[2018-05-16 20:51:24] : neilrichter twtted
[2018-05-16 21:06:21] : neilrichter twtted
